<?xml version="1.0" encoding="UTF-8"?>
<!-- Generated by org.testng.reporters.JUnitXMLReporter -->
<testsuite ignored="1" hostname="DESKTOP-P79UVLA" failures="0" tests="1" name="Default test" time="47.495" errors="0" timestamp="06 Mar 2024 09:25:48 GMT">
  <testcase classname="com.SC.QA.EndToEnd.TestCases.EndToEndTests" name="FillingApplication" time="15.725"/>
  <testcase classname="com.SC.QA.EndToEnd.TestCases.EndToEndTests" name="verifySelectAnyJobCircular" time="0.0">
    <ignored/>
  </testcase> <!-- verifySelectAnyJobCircular -->
</testsuite> <!-- Default test -->
