<?xml version="1.0" encoding="UTF-8"?>
<!-- Generated by org.testng.reporters.JUnitXMLReporter -->
<testsuite hostname="Billah-Automation-Laptop" ignored="0" name="Test" tests="2" failures="0" timestamp="17 Nov 2019 09:14:27 GMT" time="50.732" errors="0">
  <testcase name="appRFQCreationTest" time="0.0" classname="com.E_GP.QA.ApprovedAddPackages.TestCases.ApprovedAppAddNewPackageLTMePG2Test"/>
  <testcase name="appePW3AWorkCreationTest" time="0.016" classname="com.E_GP.QA.ApprovedAddPackages.TestCases.ApprovedAppAddNewPackageOTMePG3Test"/>
</testsuite> <!-- Test -->
